2026-04-07 20:17:25,572  [INFO]  Loading YOLO model...
2026-04-07 20:17:25,923  [INFO]  Loading EasyOCR...
2026-04-07 20:17:25,929  [WARNING]  Using CPU. Note: This module is much faster with a GPU.
2026-04-07 20:17:25,938  [WARNING]  Downloading detection model, please wait. This may take several minutes depending upon your network connection.
2026-04-07 20:17:53,103  [INFO]  Download complete
2026-04-07 20:17:53,103  [WARNING]  Downloading recognition model, please wait. This may take several minutes depending upon your network connection.
2026-04-07 20:17:56,951  [INFO]  Download complete.
2026-04-07 20:18:01,218  [ERROR]  Form data requires "python-multipart" to be installed. 
You can install "python-multipart" with: 

pip install python-multipart

2026-04-07 20:18:47,947  [INFO]  Loading YOLO model...
2026-04-07 20:18:48,015  [INFO]  Loading EasyOCR...
2026-04-07 20:18:48,015  [WARNING]  Using CPU. Note: This module is much faster with a GPU.
2026-04-07 20:18:50,367  [ERROR]  Form data requires "python-multipart" to be installed. 
You can install "python-multipart" with: 

pip install python-multipart

2026-04-07 20:19:42,629  [INFO]  Loading YOLO model...
2026-04-07 20:19:42,718  [INFO]  Loading EasyOCR...
2026-04-07 20:19:42,718  [WARNING]  Using CPU. Note: This module is much faster with a GPU.
2026-04-07 20:21:35,093  [ERROR]  Failed to connect to Google Sheets: 
2026-04-07 20:21:35,093  [ERROR]  Read error: 
2026-04-07 20:21:35,612  [ERROR]  Failed to connect to Google Sheets: 
2026-04-07 20:21:35,612  [ERROR]  Read error: 
2026-04-07 20:21:36,536  [ERROR]  Failed to connect to Google Sheets: 
2026-04-07 20:21:36,537  [ERROR]  Read error: 
2026-04-07 20:21:38,585  [ERROR]  Failed to connect to Google Sheets: 
2026-04-07 20:21:38,585  [ERROR]  Read error: 
2026-04-07 20:21:40,434  [ERROR]  Failed to connect to Google Sheets: 
2026-04-07 20:21:40,435  [ERROR]  Read error: 
2026-04-07 20:21:42,475  [ERROR]  Failed to connect to Google Sheets: 
2026-04-07 20:21:42,475  [ERROR]  Read error: 
2026-04-07 20:21:45,293  [ERROR]  Failed to connect to Google Sheets: 
2026-04-07 20:21:45,293  [ERROR]  Read error: 
2026-04-07 20:21:47,305  [ERROR]  Failed to connect to Google Sheets: 
2026-04-07 20:21:47,310  [ERROR]  Read error: 
2026-04-07 20:21:49,285  [ERROR]  Failed to connect to Google Sheets: 
2026-04-07 20:21:49,285  [ERROR]  Read error: 
2026-04-07 20:21:51,293  [ERROR]  Failed to connect to Google Sheets: 
2026-04-07 20:21:51,294  [ERROR]  Read error: 
2026-04-07 20:21:53,308  [ERROR]  Failed to connect to Google Sheets: 
2026-04-07 20:21:53,310  [ERROR]  Read error: 
2026-04-07 20:21:54,319  [ERROR]  Failed to connect to Google Sheets: 
2026-04-07 20:21:54,324  [ERROR]  Read error: 
2026-04-07 20:21:56,729  [ERROR]  Failed to connect to Google Sheets: 
2026-04-07 20:21:56,736  [ERROR]  Read error: 
2026-04-07 20:21:58,657  [ERROR]  Failed to connect to Google Sheets: 
2026-04-07 20:21:58,657  [ERROR]  Read error: 
2026-04-07 20:22:00,702  [ERROR]  Failed to connect to Google Sheets: 
2026-04-07 20:22:00,702  [ERROR]  Read error: 
2026-04-07 20:22:03,776  [ERROR]  Failed to connect to Google Sheets: 
2026-04-07 20:22:03,778  [ERROR]  Read error: 
2026-04-07 20:22:04,674  [ERROR]  Failed to connect to Google Sheets: 
2026-04-07 20:22:04,674  [ERROR]  Read error: 
2026-04-07 20:22:07,462  [ERROR]  Failed to connect to Google Sheets: 
2026-04-07 20:22:07,464  [ERROR]  Read error: 
2026-04-07 20:22:09,409  [ERROR]  Failed to connect to Google Sheets: 
2026-04-07 20:22:09,409  [ERROR]  Read error: 
2026-04-07 20:22:11,556  [ERROR]  Failed to connect to Google Sheets: 
2026-04-07 20:22:11,556  [ERROR]  Read error: 
2026-04-07 20:22:13,504  [ERROR]  Failed to connect to Google Sheets: 
2026-04-07 20:22:13,505  [ERROR]  Read error: 
2026-04-07 20:22:15,443  [ERROR]  Failed to connect to Google Sheets: 
2026-04-07 20:22:15,443  [ERROR]  Read error: 
2026-04-07 20:22:17,323  [ERROR]  Failed to connect to Google Sheets: 
2026-04-07 20:22:17,324  [ERROR]  Read error: 
2026-04-07 20:22:19,336  [ERROR]  Failed to connect to Google Sheets: 
2026-04-07 20:22:19,336  [ERROR]  Read error: 
2026-04-07 20:22:21,358  [ERROR]  Failed to connect to Google Sheets: 
2026-04-07 20:22:21,360  [ERROR]  Read error: 
2026-04-07 20:22:23,233  [ERROR]  Failed to connect to Google Sheets: 
2026-04-07 20:22:23,233  [ERROR]  Read error: 
2026-04-07 20:22:25,380  [ERROR]  Failed to connect to Google Sheets: 
2026-04-07 20:22:25,380  [ERROR]  Read error: 
2026-04-07 20:22:27,524  [ERROR]  Failed to connect to Google Sheets: 
2026-04-07 20:22:27,524  [ERROR]  Read error: 
2026-04-07 20:22:29,477  [ERROR]  Failed to connect to Google Sheets: 
2026-04-07 20:22:29,477  [ERROR]  Read error: 
2026-04-07 20:22:31,289  [ERROR]  Failed to connect to Google Sheets: 
2026-04-07 20:22:31,289  [ERROR]  Read error: 
2026-04-07 20:22:33,271  [ERROR]  Failed to connect to Google Sheets: 
2026-04-07 20:22:33,272  [ERROR]  Read error: 
2026-04-07 20:22:35,512  [ERROR]  Failed to connect to Google Sheets: 
2026-04-07 20:22:35,512  [ERROR]  Read error: 
2026-04-07 20:22:37,355  [ERROR]  Failed to connect to Google Sheets: 
2026-04-07 20:22:37,355  [ERROR]  Read error: 
2026-04-07 20:22:39,307  [ERROR]  Failed to connect to Google Sheets: 
2026-04-07 20:22:39,307  [ERROR]  Read error: 
2026-04-07 20:22:41,452  [ERROR]  Failed to connect to Google Sheets: 
2026-04-07 20:22:41,452  [ERROR]  Read error: 
2026-04-07 20:22:43,507  [ERROR]  Failed to connect to Google Sheets: 
2026-04-07 20:22:43,507  [ERROR]  Read error: 
2026-04-07 20:22:45,753  [ERROR]  Failed to connect to Google Sheets: 
2026-04-07 20:22:45,753  [ERROR]  Read error: 
2026-04-07 20:22:47,808  [ERROR]  Failed to connect to Google Sheets: 
2026-04-07 20:22:47,808  [ERROR]  Read error: 
2026-04-07 20:22:49,446  [ERROR]  Failed to connect to Google Sheets: 
2026-04-07 20:22:49,447  [ERROR]  Read error: 
2026-04-07 20:22:51,596  [ERROR]  Failed to connect to Google Sheets: 
2026-04-07 20:22:51,598  [ERROR]  Read error: 
2026-04-07 20:22:53,321  [ERROR]  Failed to connect to Google Sheets: 
2026-04-07 20:22:53,321  [ERROR]  Read error: 
2026-04-07 20:22:55,345  [ERROR]  Failed to connect to Google Sheets: 
2026-04-07 20:22:55,345  [ERROR]  Read error: 
2026-04-07 20:22:57,298  [ERROR]  Failed to connect to Google Sheets: 
2026-04-07 20:22:57,298  [ERROR]  Read error: 
2026-04-07 20:22:59,305  [ERROR]  Failed to connect to Google Sheets: 
2026-04-07 20:22:59,306  [ERROR]  Read error: 
2026-04-07 20:23:03,283  [ERROR]  Failed to connect to Google Sheets: 
2026-04-07 20:23:03,283  [ERROR]  Read error: 
2026-04-07 20:23:03,707  [ERROR]  Failed to connect to Google Sheets: 
2026-04-07 20:23:03,709  [ERROR]  Read error: 
2026-04-07 20:23:05,414  [ERROR]  Failed to connect to Google Sheets: 
2026-04-07 20:23:05,414  [ERROR]  Read error: 
2026-04-07 20:23:07,313  [ERROR]  Failed to connect to Google Sheets: 
2026-04-07 20:23:07,313  [ERROR]  Read error: 
2026-04-07 20:23:09,240  [ERROR]  Failed to connect to Google Sheets: 
2026-04-07 20:23:09,241  [ERROR]  Read error: 
2026-04-07 20:23:11,256  [ERROR]  Failed to connect to Google Sheets: 
2026-04-07 20:23:11,256  [ERROR]  Read error: 
2026-04-07 20:23:13,231  [ERROR]  Failed to connect to Google Sheets: 
2026-04-07 20:23:13,231  [ERROR]  Read error: 
2026-04-07 20:23:15,262  [ERROR]  Failed to connect to Google Sheets: 
2026-04-07 20:23:15,264  [ERROR]  Read error: 
2026-04-07 20:23:17,294  [ERROR]  Failed to connect to Google Sheets: 
2026-04-07 20:23:17,294  [ERROR]  Read error: 
2026-04-07 20:23:19,452  [ERROR]  Failed to connect to Google Sheets: 
2026-04-07 20:23:19,452  [ERROR]  Read error: 
2026-04-07 20:23:21,495  [ERROR]  Failed to connect to Google Sheets: 
2026-04-07 20:23:21,495  [ERROR]  Read error: 
2026-04-07 20:24:17,716  [ERROR]  Failed to connect to Google Sheets: 
2026-04-07 20:24:17,716  [ERROR]  Read error: 
2026-04-07 20:25:17,512  [ERROR]  Failed to connect to Google Sheets: 
2026-04-07 20:25:17,512  [ERROR]  Read error: 
2026-04-07 20:26:17,626  [ERROR]  Failed to connect to Google Sheets: 
2026-04-07 20:26:17,626  [ERROR]  Read error: 
2026-04-07 20:27:17,520  [ERROR]  Failed to connect to Google Sheets: 
2026-04-07 20:27:17,520  [ERROR]  Read error: 
2026-04-07 20:28:17,940  [ERROR]  Failed to connect to Google Sheets: 
2026-04-07 20:28:17,943  [ERROR]  Read error: 
2026-04-07 20:29:17,748  [ERROR]  Failed to connect to Google Sheets: 
2026-04-07 20:29:17,748  [ERROR]  Read error: 
2026-04-07 20:30:17,945  [ERROR]  Failed to connect to Google Sheets: 
2026-04-07 20:30:17,945  [ERROR]  Read error: 
2026-04-07 20:31:17,556  [ERROR]  Failed to connect to Google Sheets: 
2026-04-07 20:31:17,556  [ERROR]  Read error: 
2026-04-07 20:32:17,787  [ERROR]  Failed to connect to Google Sheets: 
2026-04-07 20:32:17,787  [ERROR]  Read error: 
2026-04-07 20:33:17,555  [ERROR]  Failed to connect to Google Sheets: 
2026-04-07 20:33:17,564  [ERROR]  Read error: 
2026-04-07 20:34:17,778  [ERROR]  Failed to connect to Google Sheets: 
2026-04-07 20:34:17,778  [ERROR]  Read error: 
2026-04-07 20:35:17,470  [ERROR]  Failed to connect to Google Sheets: 
2026-04-07 20:35:17,470  [ERROR]  Read error: 
2026-04-07 20:36:17,791  [ERROR]  Failed to connect to Google Sheets: 
2026-04-07 20:36:17,793  [ERROR]  Read error: 
2026-04-07 20:37:17,482  [ERROR]  Failed to connect to Google Sheets: 
2026-04-07 20:37:17,482  [ERROR]  Read error: 
2026-04-07 20:38:17,787  [ERROR]  Failed to connect to Google Sheets: 
2026-04-07 20:38:17,787  [ERROR]  Read error: 
2026-04-07 20:39:17,491  [ERROR]  Failed to connect to Google Sheets: 
2026-04-07 20:39:17,491  [ERROR]  Read error: 
2026-04-07 20:41:21,195  [INFO]  Loading YOLO model...
2026-04-07 20:41:21,272  [INFO]  Loading EasyOCR...
2026-04-07 20:41:21,272  [WARNING]  Using CPU. Note: This module is much faster with a GPU.
2026-04-07 20:44:17,424  [ERROR]  Failed to connect to Google Sheets: APIError: [429]: Quota exceeded for quota metric 'Read requests' and limit 'Read requests per minute per user' of service 'sheets.googleapis.com' for consumer 'project_number:363496935634'.
2026-04-07 20:44:17,424  [ERROR]  Read error: APIError: [429]: Quota exceeded for quota metric 'Read requests' and limit 'Read requests per minute per user' of service 'sheets.googleapis.com' for consumer 'project_number:363496935634'.
2026-04-07 20:45:18,660  [ERROR]  Read error: APIError: [429]: Quota exceeded for quota metric 'Read requests' and limit 'Read requests per minute per user' of service 'sheets.googleapis.com' for consumer 'project_number:363496935634'.
2026-04-07 20:46:19,075  [ERROR]  Exception in callback _ProactorReadPipeTransport._loop_reading(<_OverlappedF...ed result=598>)
handle: <Handle _ProactorReadPipeTransport._loop_reading(<_OverlappedF...ed result=598>)>
Traceback (most recent call last):
  File "C:\Users\mypunepc\AppData\Local\Programs\Python\Python312\Lib\asyncio\events.py", line 88, in _run
    self._context.run(self._callback, *self._args)
  File "C:\Users\mypunepc\AppData\Local\Programs\Python\Python312\Lib\asyncio\proactor_events.py", line 325, in _loop_reading
    self._data_received(data, length)
  File "C:\Users\mypunepc\AppData\Local\Programs\Python\Python312\Lib\asyncio\proactor_events.py", line 274, in _data_received
    self._protocol.data_received(data)
  File "C:\Users\mypunepc\AppData\Local\Programs\Python\Python312\Lib\site-packages\uvicorn\protocols\http\h11_impl.py", line 174, in data_received
    self.handle_events()
  File "C:\Users\mypunepc\AppData\Local\Programs\Python\Python312\Lib\site-packages\uvicorn\protocols\http\h11_impl.py", line 183, in handle_events
    self.send_400_response(msg)
  File "C:\Users\mypunepc\AppData\Local\Programs\Python\Python312\Lib\site-packages\uvicorn\protocols\http\h11_impl.py", line 305, in send_400_response
    output = self.conn.send(event)
             ^^^^^^^^^^^^^^^^^^^^^
  File "C:\Users\mypunepc\AppData\Local\Programs\Python\Python312\Lib\site-packages\h11\_connection.py", line 538, in send
    data_list = self.send_with_data_passthrough(event)
                ^^^^^^^^^^^^^^^^^^^^^^^^^^^^^^^^^^^^^^
  File "C:\Users\mypunepc\AppData\Local\Programs\Python\Python312\Lib\site-packages\h11\_connection.py", line 563, in send_with_data_passthrough
    self._process_event(self.our_role, event)
  File "C:\Users\mypunepc\AppData\Local\Programs\Python\Python312\Lib\site-packages\h11\_connection.py", line 284, in _process_event
    self._cstate.process_event(role, type(event), server_switch_event)
  File "C:\Users\mypunepc\AppData\Local\Programs\Python\Python312\Lib\site-packages\h11\_state.py", line 291, in process_event
    self._fire_event_triggered_transitions(role, _event_type)
  File "C:\Users\mypunepc\AppData\Local\Programs\Python\Python312\Lib\site-packages\h11\_state.py", line 309, in _fire_event_triggered_transitions
    raise LocalProtocolError(
h11._util.LocalProtocolError: can't handle event type Response when role=SERVER and state=CLOSED
2026-04-08 11:34:39,533  [INFO]  Loading YOLO model...
2026-04-08 11:34:39,845  [INFO]  Loading EasyOCR...
2026-04-08 11:34:39,845  [WARNING]  Using CPU. Note: This module is much faster with a GPU.
2026-04-08 11:36:15,633  [INFO]  Fetching fresh data from Google Sheets...
2026-04-08 11:36:27,525  [INFO]  Fetching fresh data from Google Sheets...
2026-04-08 11:36:37,537  [INFO]  Fetching fresh data from Google Sheets...
2026-04-08 11:36:49,527  [INFO]  Fetching fresh data from Google Sheets...
2026-04-08 11:37:01,519  [INFO]  Fetching fresh data from Google Sheets...
2026-04-08 11:37:11,557  [INFO]  Fetching fresh data from Google Sheets...
2026-04-08 11:37:23,558  [INFO]  Fetching fresh data from Google Sheets...
2026-04-08 11:37:35,525  [INFO]  Fetching fresh data from Google Sheets...
2026-04-08 11:37:45,526  [INFO]  Fetching fresh data from Google Sheets...
2026-04-08 11:37:57,525  [INFO]  Fetching fresh data from Google Sheets...
2026-04-08 11:38:07,526  [INFO]  Fetching fresh data from Google Sheets...
2026-04-08 11:38:19,522  [INFO]  Fetching fresh data from Google Sheets...
2026-04-08 11:38:29,524  [INFO]  Fetching fresh data from Google Sheets...
2026-04-08 11:38:39,524  [INFO]  Fetching fresh data from Google Sheets...
2026-04-08 11:38:49,528  [INFO]  Fetching fresh data from Google Sheets...
2026-04-08 11:39:01,519  [INFO]  Fetching fresh data from Google Sheets...
2026-04-08 11:39:11,526  [INFO]  Fetching fresh data from Google Sheets...
2026-04-08 11:40:11,838  [INFO]  Fetching fresh data from Google Sheets...
2026-04-08 11:41:11,527  [INFO]  Fetching fresh data from Google Sheets...
2026-04-08 11:42:11,839  [INFO]  Fetching fresh data from Google Sheets...
2026-04-08 11:43:11,533  [INFO]  Fetching fresh data from Google Sheets...
2026-04-08 11:44:11,845  [INFO]  Fetching fresh data from Google Sheets...
2026-04-08 11:45:11,523  [INFO]  Fetching fresh data from Google Sheets...
2026-04-08 11:46:11,838  [INFO]  Fetching fresh data from Google Sheets...
2026-04-08 11:47:11,523  [INFO]  Fetching fresh data from Google Sheets...
2026-04-08 11:48:11,833  [INFO]  Fetching fresh data from Google Sheets...
2026-04-08 11:49:11,523  [INFO]  Fetching fresh data from Google Sheets...
2026-04-08 11:50:11,831  [INFO]  Fetching fresh data from Google Sheets...
2026-04-08 11:51:11,524  [INFO]  Fetching fresh data from Google Sheets...
2026-04-08 11:52:11,853  [INFO]  Fetching fresh data from Google Sheets...
2026-04-08 11:53:11,519  [INFO]  Fetching fresh data from Google Sheets...
2026-04-08 11:54:11,828  [INFO]  Fetching fresh data from Google Sheets...
2026-04-08 12:01:17,609  [INFO]  Loading YOLO model...
2026-04-08 12:01:17,746  [INFO]  Loading EasyOCR...
2026-04-08 12:01:17,746  [WARNING]  Using CPU. Note: This module is much faster with a GPU.
2026-04-08 12:01:46,575  [INFO]  Fetching fresh data from Google Sheets...
2026-04-08 12:01:58,274  [INFO]  Fetching fresh data from Google Sheets...
2026-04-08 12:02:08,526  [INFO]  Fetching fresh data from Google Sheets...
2026-04-08 12:02:18,548  [INFO]  Fetching fresh data from Google Sheets...
2026-04-08 12:02:30,522  [INFO]  Fetching fresh data from Google Sheets...
2026-04-08 12:02:40,528  [INFO]  Fetching fresh data from Google Sheets...
2026-04-08 12:02:50,531  [INFO]  Fetching fresh data from Google Sheets...
2026-04-08 12:03:00,532  [INFO]  Fetching fresh data from Google Sheets...
2026-04-08 12:03:12,524  [INFO]  Fetching fresh data from Google Sheets...
2026-04-08 12:03:22,524  [INFO]  Fetching fresh data from Google Sheets...
2026-04-08 12:03:32,525  [INFO]  Fetching fresh data from Google Sheets...
2026-04-08 12:03:44,533  [INFO]  Fetching fresh data from Google Sheets...
2026-04-08 12:10:15,619  [INFO]  Loading YOLO model...
2026-04-08 12:10:15,711  [INFO]  Loading EasyOCR...
2026-04-08 12:10:15,711  [WARNING]  Using CPU. Note: This module is much faster with a GPU.
2026-04-08 12:10:33,272  [INFO]  Fetching fresh data from Google Sheets...
2026-04-08 12:10:43,528  [INFO]  Fetching fresh data from Google Sheets...
2026-04-08 12:10:55,521  [INFO]  Fetching fresh data from Google Sheets...
2026-04-08 12:11:07,525  [INFO]  Fetching fresh data from Google Sheets...
2026-04-08 12:11:19,523  [INFO]  Fetching fresh data from Google Sheets...
2026-04-08 12:11:31,525  [INFO]  Fetching fresh data from Google Sheets...
2026-04-08 12:11:43,522  [INFO]  Fetching fresh data from Google Sheets...
2026-04-08 12:11:55,527  [INFO]  Fetching fresh data from Google Sheets...
2026-04-08 12:14:21,765  [INFO]  Loading YOLO model...
2026-04-08 12:14:21,832  [INFO]  Loading EasyOCR...
2026-04-08 12:14:21,832  [WARNING]  Using CPU. Note: This module is much faster with a GPU.
2026-04-08 12:14:42,214  [INFO]  Fetching fresh data from Google Sheets...
2026-04-08 12:14:53,923  [INFO]  Fetching fresh data from Google Sheets...
2026-04-08 12:14:59,842  [INFO]  Raw Image received: 13035 bytes
2026-04-08 12:15:04,517  [INFO]  Fetching fresh data from Google Sheets...
2026-04-08 12:15:15,917  [INFO]  Fetching fresh data from Google Sheets...
2026-04-08 12:15:26,525  [INFO]  Fetching fresh data from Google Sheets...
2026-04-08 12:15:37,911  [INFO]  Fetching fresh data from Google Sheets...
2026-04-08 12:15:48,521  [INFO]  Fetching fresh data from Google Sheets...
2026-04-08 12:15:58,525  [INFO]  Fetching fresh data from Google Sheets...
2026-04-08 12:16:00,346  [INFO]  Raw Image received: 15695 bytes
2026-04-08 12:16:10,525  [INFO]  Fetching fresh data from Google Sheets...
2026-04-08 12:16:14,219  [INFO]  Raw Image received: 15281 bytes
2026-04-08 12:16:22,521  [INFO]  Fetching fresh data from Google Sheets...
2026-04-08 12:22:15,115  [INFO]  Loading YOLO model...
2026-04-08 12:22:15,183  [INFO]  Loading EasyOCR...
2026-04-08 12:22:15,183  [WARNING]  Using CPU. Note: This module is much faster with a GPU.
2026-04-08 12:22:37,233  [INFO]  Fetching fresh data from Google Sheets...
2026-04-08 12:22:47,525  [INFO]  Fetching fresh data from Google Sheets...
2026-04-08 12:22:59,532  [INFO]  Fetching fresh data from Google Sheets...
2026-04-08 12:23:07,827  [INFO]  Raw Image received: 17294 bytes
2026-04-08 12:23:08,438  [INFO]  Detected Plate: TOOR03ERQU
2026-04-08 12:23:10,725  [INFO]  Fetching fresh data from Google Sheets...
2026-04-08 12:23:20,928  [INFO]  Fetching fresh data from Google Sheets...
2026-04-08 12:23:31,523  [INFO]  Fetching fresh data from Google Sheets...
2026-04-08 12:23:42,435  [INFO]  Fetching fresh data from Google Sheets...
2026-04-08 12:23:52,530  [INFO]  Fetching fresh data from Google Sheets...
2026-04-08 12:24:04,450  [INFO]  Fetching fresh data from Google Sheets...
2026-04-08 12:24:14,522  [INFO]  Fetching fresh data from Google Sheets...
2026-04-08 12:24:20,933  [INFO]  Raw Image received: 16880 bytes
2026-04-08 12:24:24,525  [INFO]  Fetching fresh data from Google Sheets...
2026-04-08 12:24:34,530  [INFO]  Fetching fresh data from Google Sheets...
2026-04-08 12:24:43,082  [INFO]  Raw Image received: 14940 bytes
2026-04-08 12:24:43,643  [INFO]  Detected Plate: 0QU03EROOR
2026-04-08 12:24:45,756  [INFO]  Fetching fresh data from Google Sheets...
2026-04-08 12:24:57,327  [INFO]  Fetching fresh data from Google Sheets...
2026-04-08 12:25:07,339  [INFO]  Fetching fresh data from Google Sheets...
2026-04-08 12:25:17,521  [INFO]  Fetching fresh data from Google Sheets...
2026-04-08 13:14:50,216  [INFO]  Loading YOLO model...
2026-04-08 13:14:50,496  [INFO]  Loading EasyOCR...
2026-04-08 13:14:50,496  [WARNING]  Using CPU. Note: This module is much faster with a GPU.
2026-04-08 13:17:38,258  [INFO]  Raw Image received: 11679 bytes
2026-04-08 13:17:51,836  [INFO]  Raw Image received: 18576 bytes
2026-04-08 13:17:52,243  [INFO]  Detected Plate: ROOR03ERQU
2026-04-08 13:17:52,243  [INFO]  Fetching fresh data from Google Sheets...
2026-04-08 13:18:28,258  [INFO]  Raw Image received: 19414 bytes
2026-04-08 13:18:28,697  [INFO]  Detected Plate: NBIJEO1004
2026-04-08 13:18:28,697  [INFO]  Fetching fresh data from Google Sheets...
2026-04-08 13:19:02,010  [INFO]  Raw Image received: 11740 bytes
2026-04-08 13:19:07,378  [INFO]  Raw Image received: 14286 bytes
2026-04-08 13:19:15,147  [INFO]  Raw Image received: 13971 bytes
2026-04-08 13:19:19,270  [INFO]  Raw Image received: 16910 bytes
2026-04-08 13:19:19,623  [INFO]  Detected Plate: 03ERQUI0OI
2026-04-08 13:19:19,623  [INFO]  Fetching fresh data from Google Sheets...
2026-04-08 13:20:45,568  [INFO]  Raw Image received: 11636 bytes
2026-04-08 13:21:05,772  [INFO]  Raw Image received: 17284 bytes
2026-04-08 13:21:40,140  [INFO]  Loading YOLO model...
2026-04-08 13:21:40,220  [INFO]  Loading EasyOCR...
2026-04-08 13:21:40,221  [WARNING]  Using CPU. Note: This module is much faster with a GPU.
2026-04-08 13:21:49,735  [INFO]  Raw Image received: 17604 bytes
2026-04-08 13:22:12,834  [INFO]  Raw Image received: 17155 bytes
2026-04-08 13:22:13,267  [INFO]  Detected Plate: ROOR03ERQU9
2026-04-08 13:22:13,267  [INFO]  Fetching fresh data from Google Sheets...
2026-04-08 13:23:14,773  [INFO]  Raw Image received: 14009 bytes
2026-04-08 13:23:34,765  [INFO]  Raw Image received: 15119 bytes
2026-04-08 13:23:35,297  [INFO]  Detected Plate: QU03ETKOOR
2026-04-08 13:23:35,297  [INFO]  Fetching fresh data from Google Sheets...
2026-04-08 13:24:35,166  [INFO]  Loading YOLO model...
2026-04-08 13:24:35,239  [INFO]  Loading EasyOCR...
2026-04-08 13:24:35,240  [WARNING]  Using CPU. Note: This module is much faster with a GPU.
2026-04-08 13:24:48,253  [INFO]  Raw Image received: 13078 bytes
2026-04-08 13:25:00,046  [INFO]  Raw Image received: 13825 bytes
2026-04-08 13:25:04,077  [INFO]  Raw Image received: 13498 bytes
2026-04-08 13:25:04,756  [INFO]  Detected Plate: QU0JE1TOOI
2026-04-08 13:25:04,756  [INFO]  Fetching fresh data from Google Sheets...
2026-04-08 13:28:19,136  [INFO]  Loading YOLO model...
2026-04-08 13:28:19,202  [INFO]  Loading EasyOCR...
2026-04-08 13:28:19,203  [WARNING]  Using CPU. Note: This module is much faster with a GPU.
2026-04-08 13:28:33,861  [INFO]  Raw Image received: 18760 bytes
2026-04-08 13:28:46,244  [INFO]  Raw Image received: 17437 bytes
2026-04-08 13:28:46,677  [INFO]  Detected Plate: 03ETQUROOR
2026-04-08 13:28:46,677  [INFO]  Fetching fresh data from Google Sheets...
2026-04-08 13:29:13,719  [INFO]  Raw Image received: 13839 bytes
2026-04-08 13:29:17,734  [INFO]  Raw Image received: 12229 bytes
2026-04-08 13:30:05,264  [INFO]  Raw Image received: 12429 bytes
2026-04-08 13:30:29,729  [INFO]  Raw Image received: 11215 bytes
2026-04-08 13:33:52,966  [INFO]  Raw Image received: 13564 bytes
2026-04-08 13:33:56,170  [INFO]  Raw Image received: 16811 bytes
2026-04-08 13:33:56,647  [INFO]  Detected Plate: ERQUTOOR03
2026-04-08 13:33:56,647  [INFO]  Fetching fresh data from Google Sheets...
2026-04-08 13:38:08,154  [INFO]  Raw Image received: 10607 bytes
2026-04-08 13:47:35,177  [INFO]  Raw Image received: 11802 bytes
2026-04-08 14:02:27,426  [INFO]  Loading YOLO model...
2026-04-08 14:02:27,518  [INFO]  Loading EasyOCR...
2026-04-08 14:02:27,519  [WARNING]  Using CPU. Note: This module is much faster with a GPU.
2026-04-08 14:03:23,608  [INFO]  Raw Image received: 15587 bytes
2026-04-08 14:03:28,967  [INFO]  Raw Image received: 14477 bytes
2026-04-08 14:03:31,695  [INFO]  Raw Image received: 17092 bytes
2026-04-08 14:03:32,151  [INFO]  Detected Plate: 03ERQUROOR
2026-04-08 14:03:32,151  [INFO]  Fetching fresh data from Google Sheets...
2026-04-08 14:36:51,807  [INFO]  Loading YOLO model...
2026-04-08 14:36:51,898  [INFO]  Loading EasyOCR...
2026-04-08 14:36:51,899  [WARNING]  Using CPU. Note: This module is much faster with a GPU.
2026-04-08 14:38:11,293  [INFO]  Loading YOLO model...
2026-04-08 14:38:11,365  [INFO]  Loading EasyOCR...
2026-04-08 14:38:11,365  [WARNING]  Using CPU. Note: This module is much faster with a GPU.
2026-04-08 14:38:17,165  [INFO]  Raw Image received: 18045 bytes
2026-04-08 14:38:17,799  [INFO]  Detected Plate: 03ER9UTOOR
2026-04-08 14:38:17,799  [INFO]  Fetching fresh data from Google Sheets...
2026-04-08 14:40:42,498  [INFO]  Raw Image received: 15733 bytes
2026-04-08 14:40:43,144  [INFO]  Detected Plate: QU903ERROOR
2026-04-08 14:40:43,144  [INFO]  Fetching fresh data from Google Sheets...
2026-04-08 14:40:55,301  [INFO]  Raw Image received: 11923 bytes
2026-04-08 14:42:15,512  [INFO]  Raw Image received: 11230 bytes
2026-04-08 14:43:08,609  [INFO]  Raw Image received: 14110 bytes
2026-04-08 14:43:16,252  [INFO]  Raw Image received: 17021 bytes
2026-04-08 14:43:16,777  [INFO]  Detected Plate: QU03ERTOOR
2026-04-08 14:43:16,777  [INFO]  Fetching fresh data from Google Sheets...
2026-04-08 14:43:27,307  [INFO]  Raw Image received: 13282 bytes
2026-04-08 14:44:03,539  [INFO]  Raw Image received: 12743 bytes
2026-04-08 14:46:20,681  [INFO]  Loading YOLO model...
2026-04-08 14:46:20,756  [INFO]  Loading EasyOCR...
2026-04-08 14:46:20,757  [WARNING]  Using CPU. Note: This module is much faster with a GPU.
2026-04-08 14:46:42,198  [INFO]  Raw Image received: 16998 bytes
2026-04-08 14:46:42,744  [INFO]  Detected Plate: OOR0E1QU
2026-04-08 14:46:42,744  [INFO]  Fetching fresh data from Google Sheets...
2026-04-08 14:47:12,836  [INFO]  Raw Image received: 17274 bytes
2026-04-08 14:47:13,843  [INFO]  Detected Plate: 0QU03ERROOR
2026-04-08 14:47:13,843  [INFO]  Fetching fresh data from Google Sheets...
2026-04-08 14:48:00,903  [INFO]  Raw Image received: 11317 bytes
2026-04-08 14:54:56,700  [INFO]  Loading YOLO model...
2026-04-08 14:54:56,769  [INFO]  Loading EasyOCR...
2026-04-08 14:54:56,769  [WARNING]  Using CPU. Note: This module is much faster with a GPU.
2026-04-08 14:55:12,784  [INFO]  Raw Image received: 14612 bytes
2026-04-08 14:55:13,450  [INFO]  Detected Plate: 03ERQUTOOI
2026-04-08 14:55:13,450  [INFO]  Fetching fresh data from Google Sheets...
2026-04-08 14:57:07,405  [INFO]  Raw Image received: 12182 bytes
