2026-04-07 22:14:23,000  [INFO]  Loading YOLO model...
2026-04-07 22:14:23,074  [INFO]  Loading EasyOCR...
2026-04-07 22:14:23,074  [WARNING]  Using CPU. Note: This module is much faster with a GPU.
2026-04-07 22:14:50,355  [INFO]  Fetching fresh data from Google Sheets...
2026-04-07 22:14:51,977  [INFO]  Fetching fresh data from Google Sheets...
2026-04-07 22:14:53,153  [INFO]  Fetching fresh data from Google Sheets...
2026-04-07 22:14:54,358  [INFO]  Fetching fresh data from Google Sheets...
2026-04-07 22:14:56,054  [INFO]  Fetching fresh data from Google Sheets...
2026-04-07 22:14:58,051  [INFO]  Fetching fresh data from Google Sheets...
2026-04-07 22:15:00,061  [INFO]  Fetching fresh data from Google Sheets...
2026-04-07 22:15:02,061  [INFO]  Fetching fresh data from Google Sheets...
2026-04-07 22:15:04,054  [INFO]  Fetching fresh data from Google Sheets...
2026-04-07 22:15:06,061  [INFO]  Fetching fresh data from Google Sheets...
2026-04-07 22:15:08,058  [INFO]  Fetching fresh data from Google Sheets...
2026-04-07 22:15:10,066  [INFO]  Fetching fresh data from Google Sheets...
2026-04-07 22:15:12,055  [INFO]  Fetching fresh data from Google Sheets...
2026-04-07 22:15:14,062  [INFO]  Fetching fresh data from Google Sheets...
2026-04-07 22:15:16,844  [INFO]  Fetching fresh data from Google Sheets...
2026-04-07 22:15:18,846  [INFO]  Fetching fresh data from Google Sheets...
2026-04-07 22:15:20,837  [INFO]  Fetching fresh data from Google Sheets...
2026-04-07 22:15:22,842  [INFO]  Fetching fresh data from Google Sheets...
2026-04-07 22:15:24,846  [INFO]  Fetching fresh data from Google Sheets...
2026-04-07 22:15:26,842  [INFO]  Fetching fresh data from Google Sheets...
2026-04-07 22:16:33,125  [INFO]  Loading YOLO model...
2026-04-07 22:16:33,276  [INFO]  Loading EasyOCR...
2026-04-07 22:16:33,282  [WARNING]  Using CPU. Note: This module is much faster with a GPU.
2026-04-07 22:17:00,249  [INFO]  Fetching fresh data from Google Sheets...
2026-04-07 22:17:02,687  [INFO]  Fetching fresh data from Google Sheets...
2026-04-07 22:17:04,532  [INFO]  Fetching fresh data from Google Sheets...
2026-04-07 22:17:06,794  [INFO]  Fetching fresh data from Google Sheets...
2026-04-07 22:17:08,621  [INFO]  Fetching fresh data from Google Sheets...
2026-04-07 22:17:10,104  [INFO]  Fetching fresh data from Google Sheets...
2026-04-07 22:17:11,898  [INFO]  Fetching fresh data from Google Sheets...
2026-04-07 22:17:13,747  [INFO]  Fetching fresh data from Google Sheets...
2026-04-07 22:17:15,479  [INFO]  Fetching fresh data from Google Sheets...
2026-04-07 22:17:16,997  [INFO]  Fetching fresh data from Google Sheets...
2026-04-07 22:17:18,864  [INFO]  Fetching fresh data from Google Sheets...
2026-04-07 22:17:20,841  [INFO]  Fetching fresh data from Google Sheets...
2026-04-07 22:17:22,844  [INFO]  Fetching fresh data from Google Sheets...
2026-04-07 22:17:24,841  [INFO]  Fetching fresh data from Google Sheets...
2026-04-07 22:17:26,838  [INFO]  Fetching fresh data from Google Sheets...
2026-04-07 22:17:28,843  [INFO]  Fetching fresh data from Google Sheets...
2026-04-07 22:17:30,838  [INFO]  Fetching fresh data from Google Sheets...
2026-04-07 22:17:32,839  [INFO]  Fetching fresh data from Google Sheets...
2026-04-07 22:17:34,848  [INFO]  Fetching fresh data from Google Sheets...
2026-04-07 22:17:36,840  [INFO]  Fetching fresh data from Google Sheets...
2026-04-07 22:17:39,347  [INFO]  Fetching fresh data from Google Sheets...
2026-04-07 22:17:41,186  [INFO]  Fetching fresh data from Google Sheets...
2026-04-07 22:17:42,864  [INFO]  Fetching fresh data from Google Sheets...
2026-04-07 22:17:43,433  [ERROR]  Failed to connect to Google Sheets: APIError: [429]: Quota exceeded for quota metric 'Read requests' and limit 'Read requests per minute per user' of service 'sheets.googleapis.com' for consumer 'project_number:363496935634'.
2026-04-07 22:17:43,433  [ERROR]  Read error: APIError: [429]: Quota exceeded for quota metric 'Read requests' and limit 'Read requests per minute per user' of service 'sheets.googleapis.com' for consumer 'project_number:363496935634'.
2026-04-07 22:17:44,844  [INFO]  Fetching fresh data from Google Sheets...
2026-04-07 22:17:45,487  [ERROR]  Failed to connect to Google Sheets: APIError: [429]: Quota exceeded for quota metric 'Read requests' and limit 'Read requests per minute per user' of service 'sheets.googleapis.com' for consumer 'project_number:363496935634'.
2026-04-07 22:17:45,487  [ERROR]  Read error: APIError: [429]: Quota exceeded for quota metric 'Read requests' and limit 'Read requests per minute per user' of service 'sheets.googleapis.com' for consumer 'project_number:363496935634'.
2026-04-07 22:17:46,839  [INFO]  Fetching fresh data from Google Sheets...
2026-04-07 22:17:47,534  [ERROR]  Failed to connect to Google Sheets: APIError: [429]: Quota exceeded for quota metric 'Read requests' and limit 'Read requests per minute per user' of service 'sheets.googleapis.com' for consumer 'project_number:363496935634'.
2026-04-07 22:17:47,534  [ERROR]  Read error: APIError: [429]: Quota exceeded for quota metric 'Read requests' and limit 'Read requests per minute per user' of service 'sheets.googleapis.com' for consumer 'project_number:363496935634'.
2026-04-07 22:17:48,844  [INFO]  Fetching fresh data from Google Sheets...
2026-04-07 22:17:49,583  [ERROR]  Failed to connect to Google Sheets: APIError: [429]: Quota exceeded for quota metric 'Read requests' and limit 'Read requests per minute per user' of service 'sheets.googleapis.com' for consumer 'project_number:363496935634'.
2026-04-07 22:17:49,584  [ERROR]  Read error: APIError: [429]: Quota exceeded for quota metric 'Read requests' and limit 'Read requests per minute per user' of service 'sheets.googleapis.com' for consumer 'project_number:363496935634'.
2026-04-07 22:17:50,834  [INFO]  Fetching fresh data from Google Sheets...
2026-04-07 22:17:51,315  [ERROR]  Failed to connect to Google Sheets: APIError: [429]: Quota exceeded for quota metric 'Read requests' and limit 'Read requests per minute per user' of service 'sheets.googleapis.com' for consumer 'project_number:363496935634'.
2026-04-07 22:17:51,325  [ERROR]  Read error: APIError: [429]: Quota exceeded for quota metric 'Read requests' and limit 'Read requests per minute per user' of service 'sheets.googleapis.com' for consumer 'project_number:363496935634'.
2026-04-07 22:17:52,833  [INFO]  Fetching fresh data from Google Sheets...
2026-04-07 22:17:53,470  [ERROR]  Failed to connect to Google Sheets: APIError: [429]: Quota exceeded for quota metric 'Read requests' and limit 'Read requests per minute per user' of service 'sheets.googleapis.com' for consumer 'project_number:363496935634'.
2026-04-07 22:17:53,470  [ERROR]  Read error: APIError: [429]: Quota exceeded for quota metric 'Read requests' and limit 'Read requests per minute per user' of service 'sheets.googleapis.com' for consumer 'project_number:363496935634'.
2026-04-07 22:17:54,837  [INFO]  Fetching fresh data from Google Sheets...
2026-04-07 22:17:56,840  [INFO]  Fetching fresh data from Google Sheets...
2026-04-07 22:17:58,865  [INFO]  Fetching fresh data from Google Sheets...
2026-04-07 22:18:00,850  [INFO]  Fetching fresh data from Google Sheets...
2026-04-07 22:18:02,899  [INFO]  Fetching fresh data from Google Sheets...
2026-04-07 22:18:04,834  [INFO]  Fetching fresh data from Google Sheets...
2026-04-07 22:18:06,839  [INFO]  Fetching fresh data from Google Sheets...
2026-04-07 22:18:08,840  [INFO]  Fetching fresh data from Google Sheets...
2026-04-07 22:18:17,145  [INFO]  Fetching fresh data from Google Sheets...
2026-04-07 22:19:16,845  [INFO]  Fetching fresh data from Google Sheets...
2026-04-07 22:20:17,151  [INFO]  Fetching fresh data from Google Sheets...
2026-04-07 22:21:16,864  [INFO]  Fetching fresh data from Google Sheets...
2026-04-07 23:01:55,362  [INFO]  Loading YOLO model...
2026-04-07 23:01:55,433  [INFO]  Loading EasyOCR...
2026-04-07 23:01:55,434  [WARNING]  Using CPU. Note: This module is much faster with a GPU.
2026-04-07 23:02:14,257  [INFO]  Fetching fresh data from Google Sheets...
2026-04-07 23:02:16,114  [INFO]  Fetching fresh data from Google Sheets...
2026-04-07 23:02:17,218  [INFO]  Fetching fresh data from Google Sheets...
2026-04-07 23:02:18,371  [INFO]  Fetching fresh data from Google Sheets...
2026-04-07 23:02:20,842  [INFO]  Fetching fresh data from Google Sheets...
2026-04-07 23:02:22,837  [INFO]  Fetching fresh data from Google Sheets...
2026-04-07 23:02:24,843  [INFO]  Fetching fresh data from Google Sheets...
2026-04-07 23:02:26,853  [INFO]  Fetching fresh data from Google Sheets...
2026-04-07 23:02:28,159  [INFO]  Fetching fresh data from Google Sheets...
2026-04-07 23:02:29,968  [INFO]  Fetching fresh data from Google Sheets...
2026-04-07 23:02:31,955  [INFO]  Fetching fresh data from Google Sheets...
2026-04-07 23:02:33,963  [INFO]  Fetching fresh data from Google Sheets...
2026-04-07 23:02:36,849  [INFO]  Fetching fresh data from Google Sheets...
2026-04-07 23:02:48,848  [INFO]  Fetching fresh data from Google Sheets...
2026-04-07 23:03:00,841  [INFO]  Fetching fresh data from Google Sheets...
2026-04-07 23:03:12,836  [INFO]  Fetching fresh data from Google Sheets...
2026-04-07 23:03:22,840  [INFO]  Fetching fresh data from Google Sheets...
2026-04-07 23:04:17,144  [INFO]  Fetching fresh data from Google Sheets...
2026-04-07 23:05:16,835  [INFO]  Fetching fresh data from Google Sheets...
2026-04-07 23:06:17,146  [INFO]  Fetching fresh data from Google Sheets...
2026-04-07 23:06:29,554  [INFO]  Fetching fresh data from Google Sheets...
2026-04-07 23:06:40,841  [INFO]  Fetching fresh data from Google Sheets...
2026-04-07 23:06:50,841  [INFO]  Fetching fresh data from Google Sheets...
2026-04-07 23:07:01,959  [INFO]  Fetching fresh data from Google Sheets...
2026-04-07 23:07:12,842  [INFO]  Fetching fresh data from Google Sheets...
2026-04-07 23:07:24,841  [INFO]  Fetching fresh data from Google Sheets...
2026-04-07 23:07:34,846  [INFO]  Fetching fresh data from Google Sheets...
2026-04-07 23:07:46,838  [INFO]  Fetching fresh data from Google Sheets...
2026-04-07 23:07:56,838  [INFO]  Fetching fresh data from Google Sheets...
2026-04-07 23:08:17,168  [INFO]  Fetching fresh data from Google Sheets...
2026-04-07 23:08:27,953  [INFO]  Fetching fresh data from Google Sheets...
2026-04-07 23:08:37,958  [INFO]  Fetching fresh data from Google Sheets...
2026-04-07 23:08:49,954  [INFO]  Fetching fresh data from Google Sheets...
2026-04-07 23:09:00,839  [INFO]  Fetching fresh data from Google Sheets...
2026-04-07 23:09:10,839  [INFO]  Fetching fresh data from Google Sheets...
2026-04-07 23:09:21,959  [INFO]  Fetching fresh data from Google Sheets...
